#! /c/Source/iverilog-install/bin/vvp
:ivl_version "12.0 (devel)" "(s20150603-1539-g2693dd32b)";
:ivl_delay_selection "TYPICAL";
:vpi_time_precision + 0;
:vpi_module "C:\iverilog\lib\ivl\system.vpi";
:vpi_module "C:\iverilog\lib\ivl\vhdl_sys.vpi";
:vpi_module "C:\iverilog\lib\ivl\vhdl_textio.vpi";
:vpi_module "C:\iverilog\lib\ivl\v2005_math.vpi";
:vpi_module "C:\iverilog\lib\ivl\va_math.vpi";
S_000001d362e54c40 .scope module, "fir_4_tap_hardware_share" "fir_4_tap_hardware_share" 2 2;
 .timescale 0 0;
    .port_info 0 /INPUT 1 "clk";
    .port_info 1 /INPUT 1 "reset";
    .port_info 2 /INPUT 16 "i_data";
    .port_info 3 /INPUT 1 "i_data_valid";
    .port_info 4 /OUTPUT 19 "o_data_sum";
    .port_info 5 /OUTPUT 1 "o_data_valid";
P_000001d362e22ce0 .param/l "COEFF_FRACTION_WIDTH" 0 2 5, +C4<00000000000000000000000000001111>;
P_000001d362e22d18 .param/l "COEFF_WIDTH" 0 2 4, +C4<00000000000000000000000000010000>;
P_000001d362e22d50 .param/l "DATA_WIDTH" 0 2 3, +C4<00000000000000000000000000010000>;
P_000001d362e22d88 .param/l "H0_VAL" 1 2 18, +C4<0001000000000000>;
P_000001d362e22dc0 .param/l "H1_VAL" 1 2 19, +C4<0010000000000000>;
P_000001d362e22df8 .param/l "H2_VAL" 1 2 20, +C4<0010000000000000>;
P_000001d362e22e30 .param/l "H3_VAL" 1 2 21, +C4<0001000000000000>;
P_000001d362e22e68 .param/l "IDLE" 1 2 25, C4<000>;
P_000001d362e22ea0 .param/l "LOAD_INPUT" 1 2 26, C4<001>;
P_000001d362e22ed8 .param/l "MAC_0" 1 2 27, C4<010>;
P_000001d362e22f10 .param/l "MAC_1" 1 2 28, C4<011>;
P_000001d362e22f48 .param/l "MAC_2" 1 2 29, C4<100>;
P_000001d362e22f80 .param/l "MAC_3" 1 2 30, C4<101>;
P_000001d362e22fb8 .param/l "OUTPUT_READY" 1 2 31, C4<110>;
L_000001d362e5d740 .functor BUFZ 19, v000001d362ebc4d0_0, C4<0000000000000000000>, C4<0000000000000000000>, C4<0000000000000000000>;
L_000001d362e5d970 .functor BUFZ 1, v000001d362ebbe90_0, C4<0>, C4<0>, C4<0>;
v000001d362e4fa20_0 .net *"_ivl_11", 0 0, L_000001d362ebbc10;  1 drivers
L_000001d362ebd1c8 .functor BUFT 1, C4<100>, C4<0>, C4<0>, C4<0>;
v000001d362e4fde0_0 .net/2u *"_ivl_14", 2 0, L_000001d362ebd1c8;  1 drivers
v000001d362e4f340_0 .net *"_ivl_16", 0 0, L_000001d362ebcc50;  1 drivers
L_000001d362ebd210 .functor BUFT 1, C4<101>, C4<0>, C4<0>, C4<0>;
v000001d362e4fac0_0 .net/2u *"_ivl_19", 2 0, L_000001d362ebd210;  1 drivers
v000001d362e4f200_0 .net *"_ivl_21", 0 0, L_000001d362ebb710;  1 drivers
L_000001d362ebd258 .functor BUFT 1, C4<0000000000000000>, C4<0>, C4<0>, C4<0>;
v000001d362e4f3e0_0 .net/2u *"_ivl_24", 15 0, L_000001d362ebd258;  1 drivers
v000001d362e4fb60_0 .net *"_ivl_26", 15 0, L_000001d362ebcf70;  1 drivers
v000001d362e4f480_0 .net *"_ivl_28", 15 0, L_000001d362ebcd90;  1 drivers
v000001d362e4fc00_0 .net *"_ivl_30", 15 0, L_000001d362ebb8f0;  1 drivers
L_000001d362ebd2a0 .functor BUFT 1, C4<010>, C4<0>, C4<0>, C4<0>;
v000001d362e4f160_0 .net/2u *"_ivl_34", 2 0, L_000001d362ebd2a0;  1 drivers
v000001d362e4f840_0 .net *"_ivl_36", 0 0, L_000001d362ebbad0;  1 drivers
L_000001d362ebd2e8 .functor BUFT 1, C4<0001000000000000>, C4<0>, C4<0>, C4<0>;
v000001d362e4f520_0 .net/2u *"_ivl_38", 15 0, L_000001d362ebd2e8;  1 drivers
L_000001d362ebd138 .functor BUFT 1, C4<010>, C4<0>, C4<0>, C4<0>;
v000001d362e4fca0_0 .net/2u *"_ivl_4", 2 0, L_000001d362ebd138;  1 drivers
L_000001d362ebd330 .functor BUFT 1, C4<011>, C4<0>, C4<0>, C4<0>;
v000001d362e4f5c0_0 .net/2u *"_ivl_40", 2 0, L_000001d362ebd330;  1 drivers
v000001d362e4f660_0 .net *"_ivl_42", 0 0, L_000001d362ebb990;  1 drivers
L_000001d362ebd378 .functor BUFT 1, C4<0010000000000000>, C4<0>, C4<0>, C4<0>;
v000001d362e4fe80_0 .net/2u *"_ivl_44", 15 0, L_000001d362ebd378;  1 drivers
L_000001d362ebd3c0 .functor BUFT 1, C4<100>, C4<0>, C4<0>, C4<0>;
v000001d362ebb350_0 .net/2u *"_ivl_46", 2 0, L_000001d362ebd3c0;  1 drivers
v000001d362ebb3f0_0 .net *"_ivl_48", 0 0, L_000001d362ebba30;  1 drivers
L_000001d362ebd408 .functor BUFT 1, C4<0010000000000000>, C4<0>, C4<0>, C4<0>;
v000001d362ebc070_0 .net/2u *"_ivl_50", 15 0, L_000001d362ebd408;  1 drivers
L_000001d362ebd450 .functor BUFT 1, C4<101>, C4<0>, C4<0>, C4<0>;
v000001d362ebc9d0_0 .net/2u *"_ivl_52", 2 0, L_000001d362ebd450;  1 drivers
v000001d362ebb7b0_0 .net *"_ivl_54", 0 0, L_000001d362ebbcb0;  1 drivers
L_000001d362ebd498 .functor BUFT 1, C4<0001000000000000>, C4<0>, C4<0>, C4<0>;
v000001d362ebbfd0_0 .net/2u *"_ivl_56", 15 0, L_000001d362ebd498;  1 drivers
L_000001d362ebd4e0 .functor BUFT 1, C4<0000000000000000>, C4<0>, C4<0>, C4<0>;
v000001d362ebbdf0_0 .net/2u *"_ivl_58", 15 0, L_000001d362ebd4e0;  1 drivers
v000001d362ebbf30_0 .net *"_ivl_6", 0 0, L_000001d362ebb670;  1 drivers
v000001d362ebc250_0 .net *"_ivl_60", 15 0, L_000001d362ebc750;  1 drivers
v000001d362ebc110_0 .net *"_ivl_62", 15 0, L_000001d362ebc7f0;  1 drivers
v000001d362ebc430_0 .net *"_ivl_64", 15 0, L_000001d362ebce30;  1 drivers
v000001d362ebbb70_0 .net/s *"_ivl_68", 31 0, L_000001d362ebc930;  1 drivers
v000001d362ebb5d0_0 .net/s *"_ivl_70", 31 0, L_000001d362ebcb10;  1 drivers
L_000001d362ebd180 .functor BUFT 1, C4<011>, C4<0>, C4<0>, C4<0>;
v000001d362ebb210_0 .net/2u *"_ivl_9", 2 0, L_000001d362ebd180;  1 drivers
v000001d362ebc4d0_0 .var/s "accumulator_reg", 18 0;
o000001d362e689c8 .functor BUFZ 1, C4<z>; HiZ drive
v000001d362ebc1b0_0 .net "clk", 0 0, o000001d362e689c8;  0 drivers
v000001d362ebb850_0 .var "current_state", 2 0;
v000001d362ebc570 .array/s "data_reg", 3 0, 15 0;
v000001d362ebbe90_0 .var "data_valid_reg_int", 0 0;
o000001d362e68b18 .functor BUFZ 16, C4<zzzzzzzzzzzzzzzz>; HiZ drive
v000001d362ebc610_0 .net/s "i_data", 15 0, o000001d362e68b18;  0 drivers
o000001d362e68b48 .functor BUFZ 1, C4<z>; HiZ drive
v000001d362ebb490_0 .net "i_data_valid", 0 0, o000001d362e68b48;  0 drivers
v000001d362ebc2f0_0 .net/s "mac_coeff_in", 15 0, L_000001d362ebc890;  1 drivers
v000001d362ebb2b0_0 .net/s "mac_data_in", 15 0, L_000001d362ebc6b0;  1 drivers
v000001d362ebb530_0 .net/s "mac_mul_out", 31 0, L_000001d362ebced0;  1 drivers
v000001d362ebc390_0 .var "next_state", 2 0;
v000001d362ebbd50_0 .net/s "o_data_sum", 18 0, L_000001d362e5d740;  1 drivers
v000001d362ebca70_0 .net "o_data_valid", 0 0, L_000001d362e5d970;  1 drivers
o000001d362e68c98 .functor BUFZ 1, C4<z>; HiZ drive
v000001d362ebccf0_0 .net "reset", 0 0, o000001d362e68c98;  0 drivers
E_000001d362e66820 .event posedge, v000001d362ebccf0_0, v000001d362ebc1b0_0;
E_000001d362e661e0 .event anyedge, v000001d362ebb850_0, v000001d362ebb490_0;
L_000001d362ebb670 .cmp/eq 3, v000001d362ebb850_0, L_000001d362ebd138;
L_000001d362ebbc10 .cmp/eq 3, v000001d362ebb850_0, L_000001d362ebd180;
L_000001d362ebcc50 .cmp/eq 3, v000001d362ebb850_0, L_000001d362ebd1c8;
L_000001d362ebb710 .cmp/eq 3, v000001d362ebb850_0, L_000001d362ebd210;
v000001d362ebc570_3 .array/port v000001d362ebc570, 3;
L_000001d362ebcf70 .functor MUXZ 16, L_000001d362ebd258, v000001d362ebc570_3, L_000001d362ebb710, C4<>;
v000001d362ebc570_2 .array/port v000001d362ebc570, 2;
L_000001d362ebcd90 .functor MUXZ 16, L_000001d362ebcf70, v000001d362ebc570_2, L_000001d362ebcc50, C4<>;
v000001d362ebc570_1 .array/port v000001d362ebc570, 1;
L_000001d362ebb8f0 .functor MUXZ 16, L_000001d362ebcd90, v000001d362ebc570_1, L_000001d362ebbc10, C4<>;
v000001d362ebc570_0 .array/port v000001d362ebc570, 0;
L_000001d362ebc6b0 .functor MUXZ 16, L_000001d362ebb8f0, v000001d362ebc570_0, L_000001d362ebb670, C4<>;
L_000001d362ebbad0 .cmp/eq 3, v000001d362ebb850_0, L_000001d362ebd2a0;
L_000001d362ebb990 .cmp/eq 3, v000001d362ebb850_0, L_000001d362ebd330;
L_000001d362ebba30 .cmp/eq 3, v000001d362ebb850_0, L_000001d362ebd3c0;
L_000001d362ebbcb0 .cmp/eq 3, v000001d362ebb850_0, L_000001d362ebd450;
L_000001d362ebc750 .functor MUXZ 16, L_000001d362ebd4e0, L_000001d362ebd498, L_000001d362ebbcb0, C4<>;
L_000001d362ebc7f0 .functor MUXZ 16, L_000001d362ebc750, L_000001d362ebd408, L_000001d362ebba30, C4<>;
L_000001d362ebce30 .functor MUXZ 16, L_000001d362ebc7f0, L_000001d362ebd378, L_000001d362ebb990, C4<>;
L_000001d362ebc890 .functor MUXZ 16, L_000001d362ebce30, L_000001d362ebd2e8, L_000001d362ebbad0, C4<>;
L_000001d362ebc930 .extend/s 32, L_000001d362ebc6b0;
L_000001d362ebcb10 .extend/s 32, L_000001d362ebc890;
L_000001d362ebced0 .arith/mult 32, L_000001d362ebc930, L_000001d362ebcb10;
    .scope S_000001d362e54c40;
T_0 ;
    %wait E_000001d362e66820;
    %load/vec4 v000001d362ebccf0_0;
    %flag_set/vec4 8;
    %jmp/0xz  T_0.0, 8;
    %pushi/vec4 0, 0, 3;
    %assign/vec4 v000001d362ebb850_0, 0;
    %jmp T_0.1;
T_0.0 ;
    %load/vec4 v000001d362ebc390_0;
    %assign/vec4 v000001d362ebb850_0, 0;
T_0.1 ;
    %jmp T_0;
    .thread T_0;
    .scope S_000001d362e54c40;
T_1 ;
    %wait E_000001d362e661e0;
    %load/vec4 v000001d362ebb850_0;
    %store/vec4 v000001d362ebc390_0, 0, 3;
    %pushi/vec4 0, 0, 1;
    %store/vec4 v000001d362ebbe90_0, 0, 1;
    %load/vec4 v000001d362ebb850_0;
    %dup/vec4;
    %pushi/vec4 0, 0, 3;
    %cmp/u;
    %jmp/1 T_1.0, 6;
    %dup/vec4;
    %pushi/vec4 1, 0, 3;
    %cmp/u;
    %jmp/1 T_1.1, 6;
    %dup/vec4;
    %pushi/vec4 2, 0, 3;
    %cmp/u;
    %jmp/1 T_1.2, 6;
    %dup/vec4;
    %pushi/vec4 3, 0, 3;
    %cmp/u;
    %jmp/1 T_1.3, 6;
    %dup/vec4;
    %pushi/vec4 4, 0, 3;
    %cmp/u;
    %jmp/1 T_1.4, 6;
    %dup/vec4;
    %pushi/vec4 5, 0, 3;
    %cmp/u;
    %jmp/1 T_1.5, 6;
    %dup/vec4;
    %pushi/vec4 6, 0, 3;
    %cmp/u;
    %jmp/1 T_1.6, 6;
    %pushi/vec4 0, 0, 3;
    %store/vec4 v000001d362ebc390_0, 0, 3;
    %jmp T_1.8;
T_1.0 ;
    %load/vec4 v000001d362ebb490_0;
    %flag_set/vec4 8;
    %jmp/0xz  T_1.9, 8;
    %pushi/vec4 1, 0, 3;
    %store/vec4 v000001d362ebc390_0, 0, 3;
T_1.9 ;
    %jmp T_1.8;
T_1.1 ;
    %pushi/vec4 2, 0, 3;
    %store/vec4 v000001d362ebc390_0, 0, 3;
    %jmp T_1.8;
T_1.2 ;
    %pushi/vec4 3, 0, 3;
    %store/vec4 v000001d362ebc390_0, 0, 3;
    %jmp T_1.8;
T_1.3 ;
    %pushi/vec4 4, 0, 3;
    %store/vec4 v000001d362ebc390_0, 0, 3;
    %jmp T_1.8;
T_1.4 ;
    %pushi/vec4 5, 0, 3;
    %store/vec4 v000001d362ebc390_0, 0, 3;
    %jmp T_1.8;
T_1.5 ;
    %pushi/vec4 6, 0, 3;
    %store/vec4 v000001d362ebc390_0, 0, 3;
    %jmp T_1.8;
T_1.6 ;
    %pushi/vec4 1, 0, 1;
    %store/vec4 v000001d362ebbe90_0, 0, 1;
    %load/vec4 v000001d362ebb490_0;
    %flag_set/vec4 8;
    %jmp/0xz  T_1.11, 8;
    %pushi/vec4 1, 0, 3;
    %store/vec4 v000001d362ebc390_0, 0, 3;
    %jmp T_1.12;
T_1.11 ;
    %pushi/vec4 0, 0, 3;
    %store/vec4 v000001d362ebc390_0, 0, 3;
T_1.12 ;
    %jmp T_1.8;
T_1.8 ;
    %pop/vec4 1;
    %jmp T_1;
    .thread T_1, $push;
    .scope S_000001d362e54c40;
T_2 ;
    %wait E_000001d362e66820;
    %load/vec4 v000001d362ebccf0_0;
    %flag_set/vec4 8;
    %jmp/0xz  T_2.0, 8;
    %pushi/vec4 0, 0, 16;
    %ix/load 3, 0, 0;
    %flag_set/imm 4, 0;
    %ix/load 4, 0, 0; Constant delay
    %assign/vec4/a/d v000001d362ebc570, 0, 4;
    %pushi/vec4 0, 0, 16;
    %ix/load 3, 1, 0;
    %flag_set/imm 4, 0;
    %ix/load 4, 0, 0; Constant delay
    %assign/vec4/a/d v000001d362ebc570, 0, 4;
    %pushi/vec4 0, 0, 16;
    %ix/load 3, 2, 0;
    %flag_set/imm 4, 0;
    %ix/load 4, 0, 0; Constant delay
    %assign/vec4/a/d v000001d362ebc570, 0, 4;
    %pushi/vec4 0, 0, 16;
    %ix/load 3, 3, 0;
    %flag_set/imm 4, 0;
    %ix/load 4, 0, 0; Constant delay
    %assign/vec4/a/d v000001d362ebc570, 0, 4;
    %pushi/vec4 0, 0, 19;
    %assign/vec4 v000001d362ebc4d0_0, 0;
    %jmp T_2.1;
T_2.0 ;
    %load/vec4 v000001d362ebb850_0;
    %dup/vec4;
    %pushi/vec4 0, 0, 3;
    %cmp/u;
    %jmp/1 T_2.2, 6;
    %dup/vec4;
    %pushi/vec4 1, 0, 3;
    %cmp/u;
    %jmp/1 T_2.3, 6;
    %dup/vec4;
    %pushi/vec4 2, 0, 3;
    %cmp/u;
    %jmp/1 T_2.4, 6;
    %dup/vec4;
    %pushi/vec4 3, 0, 3;
    %cmp/u;
    %jmp/1 T_2.5, 6;
    %dup/vec4;
    %pushi/vec4 4, 0, 3;
    %cmp/u;
    %jmp/1 T_2.6, 6;
    %dup/vec4;
    %pushi/vec4 5, 0, 3;
    %cmp/u;
    %jmp/1 T_2.7, 6;
    %jmp T_2.9;
T_2.2 ;
    %pushi/vec4 0, 0, 19;
    %assign/vec4 v000001d362ebc4d0_0, 0;
    %jmp T_2.9;
T_2.3 ;
    %ix/load 4, 2, 0;
    %flag_set/imm 4, 0;
    %load/vec4a v000001d362ebc570, 4;
    %ix/load 3, 3, 0;
    %flag_set/imm 4, 0;
    %ix/load 4, 0, 0; Constant delay
    %assign/vec4/a/d v000001d362ebc570, 0, 4;
    %ix/load 4, 1, 0;
    %flag_set/imm 4, 0;
    %load/vec4a v000001d362ebc570, 4;
    %ix/load 3, 2, 0;
    %flag_set/imm 4, 0;
    %ix/load 4, 0, 0; Constant delay
    %assign/vec4/a/d v000001d362ebc570, 0, 4;
    %ix/load 4, 0, 0;
    %flag_set/imm 4, 0;
    %load/vec4a v000001d362ebc570, 4;
    %ix/load 3, 1, 0;
    %flag_set/imm 4, 0;
    %ix/load 4, 0, 0; Constant delay
    %assign/vec4/a/d v000001d362ebc570, 0, 4;
    %load/vec4 v000001d362ebc610_0;
    %ix/load 3, 0, 0;
    %flag_set/imm 4, 0;
    %ix/load 4, 0, 0; Constant delay
    %assign/vec4/a/d v000001d362ebc570, 0, 4;
    %jmp T_2.9;
T_2.4 ;
    %load/vec4 v000001d362ebb530_0;
    %ix/load 4, 15, 0;
    %flag_set/imm 4, 0;
    %shiftr/s 4;
    %pad/s 19;
    %assign/vec4 v000001d362ebc4d0_0, 0;
    %jmp T_2.9;
T_2.5 ;
    %load/vec4 v000001d362ebc4d0_0;
    %pad/s 32;
    %load/vec4 v000001d362ebb530_0;
    %ix/load 4, 15, 0;
    %flag_set/imm 4, 0;
    %shiftr/s 4;
    %add;
    %pad/s 19;
    %assign/vec4 v000001d362ebc4d0_0, 0;
    %jmp T_2.9;
T_2.6 ;
    %load/vec4 v000001d362ebc4d0_0;
    %pad/s 32;
    %load/vec4 v000001d362ebb530_0;
    %ix/load 4, 15, 0;
    %flag_set/imm 4, 0;
    %shiftr/s 4;
    %add;
    %pad/s 19;
    %assign/vec4 v000001d362ebc4d0_0, 0;
    %jmp T_2.9;
T_2.7 ;
    %load/vec4 v000001d362ebc4d0_0;
    %pad/s 32;
    %load/vec4 v000001d362ebb530_0;
    %ix/load 4, 15, 0;
    %flag_set/imm 4, 0;
    %shiftr/s 4;
    %add;
    %pad/s 19;
    %assign/vec4 v000001d362ebc4d0_0, 0;
    %jmp T_2.9;
T_2.9 ;
    %pop/vec4 1;
T_2.1 ;
    %jmp T_2;
    .thread T_2;
# The file index is used to find the file name in the following table.
:file_names 3;
    "N/A";
    "<interactive>";
    "fir_4_tap_hardware_share.v";
